| (top_module.cmd,165): inserted_5: No such node or vector
| (top_module.cmd,165): inserted_1: No such node or vector
| (top_module.cmd,165): inserted_05: No such node or vector
| (top_module.cmd,165): inserted_025: No such node or vector
| (top_module.cmd,169): change: No such node or vector
| (top_module.cmd,175): change_1: No such node or vector
| (top_module.cmd,197): in_inserted_57: No such node or vector
| (top_module.cmd,201): in_inserted_56: No such node or vector
| (top_module.cmd,205): in_inserted_55: No such node or vector
| (top_module.cmd,209): in_inserted_54: No such node or vector
| (top_module.cmd,213): in_inserted_53: No such node or vector
| (top_module.cmd,217): in_inserted_52: No such node or vector
| (top_module.cmd,221): in_inserted_51: No such node or vector
| (top_module.cmd,225): in_inserted_50: No such node or vector
| (top_module.cmd,229): in_inserted_17: No such node or vector
| (top_module.cmd,233): in_inserted_16: No such node or vector
| (top_module.cmd,237): in_inserted_15: No such node or vector
| (top_module.cmd,241): in_inserted_14: No such node or vector
| (top_module.cmd,245): in_inserted_13: No such node or vector
| (top_module.cmd,249): in_inserted_12: No such node or vector
| (top_module.cmd,253): in_inserted_11: No such node or vector
| (top_module.cmd,257): in_inserted_10: No such node or vector
| (top_module.cmd,261): in_inserted_057: No such node or vector
| (top_module.cmd,265): in_inserted_056: No such node or vector
| (top_module.cmd,269): in_inserted_055: No such node or vector
| (top_module.cmd,273): in_inserted_054: No such node or vector
| (top_module.cmd,277): in_inserted_053: No such node or vector
| (top_module.cmd,281): in_inserted_052: No such node or vector
| (top_module.cmd,285): in_inserted_051: No such node or vector
| (top_module.cmd,289): in_inserted_050: No such node or vector
| (top_module.cmd,293): in_inserted_0257: No such node or vector
| (top_module.cmd,297): in_inserted_0256: No such node or vector
| (top_module.cmd,301): in_inserted_0255: No such node or vector
| (top_module.cmd,305): in_inserted_0254: No such node or vector
| (top_module.cmd,309): in_inserted_0253: No such node or vector
| (top_module.cmd,313): in_inserted_0252: No such node or vector
| (top_module.cmd,317): in_inserted_0251: No such node or vector
| (top_module.cmd,321): in_inserted_0250: No such node or vector
| time = 10.000ns
| time = 10.000ns







q
