Checking out Encounter license ...
	vdi		CHECKED OUT:	"Virtuoso_Digital_Implem"
Virtuoso_Digital_Implem 14.2 license checkout succeeded.
	Maximum number of instance allowed (1 x 50000).
*******************************************************************
*   Copyright (c)  Cadence Design Systems, Inc.  1996 - 2014.     *
*                     All rights reserved.                        *
*                                                                 *
*                                                                 *
*                                                                 *
* This program contains confidential and trade secret information *
* of Cadence Design Systems, Inc. and is protected by copyright   *
* law and international treaties.  Any reproduction, use,         *
* distribution or disclosure of this program or any portion of it,*
* or any attempt to obtain a human-readable version of this       *
* program, without the express, prior written consent of          *
* Cadence Design Systems, Inc., is strictly prohibited.           *
*                                                                 *
*                 Cadence Design Systems, Inc.                    *
*                    2655 Seely Avenue                            *
*                   San Jose, CA 95134,  USA                      *
*                                                                 *
*                                                                 *
*******************************************************************

@(#)CDS: Encounter v14.28-s033_1 (64bit) 03/21/2016 13:34 (Linux 2.6.18-194.el5)
@(#)CDS: NanoRoute v14.28-s005 NR160313-1959/14_28-UB (database version 2.30, 267.6.1) {superthreading v1.25}
@(#)CDS: CeltIC v14.28-s006_1 (64bit) 03/08/2016 00:08:23 (Linux 2.6.18-194.el5)
@(#)CDS: AAE 14.28-s002 (64bit) 03/21/2016 (Linux 2.6.18-194.el5)
@(#)CDS: CTE 14.28-s007_1 (64bit) Mar  7 2016 23:11:05 (Linux 2.6.18-194.el5)
@(#)CDS: CPE v14.28-s006
@(#)CDS: IQRC/TQRC 14.2.2-s217 (64bit) Wed Apr 15 23:10:24 PDT 2015 (Linux 2.6.18-194.el5)
@(#)CDS: OA 22.50-p011 Tue Nov 11 03:24:55 2014
@(#)CDS: SGN 10.10-p124 (19-Aug-2014) (64 bit executable)
@(#)CDS: RCDB 11.5
--- Starting "Encounter v14.28-s033_1" on Mon Apr 17 00:49:23 2023 (mem=94.3M) ---
--- Running on amber.clear.rice.edu (x86_64 w/Linux 3.10.0-1160.81.1.el7.x86_64) ---
This version was compiled on Mon Mar 21 13:34:48 PDT 2016.
Set DBUPerIGU to 1000.
Set net toggle Scale Factor to 1.00
Set Shrink Factor to 1.00000

**INFO:  MMMC transition support version v31-84 

<CMD> set_global _enable_mmmc_by_default_flow      $CTE::mmmc_default
<CMD> suppressMessage ENCEXT-2799
Sourcing tcl/tk file "encounter.tcl" ...
<CMD> set_global _enable_mmmc_by_default_flow      $CTE::mmmc_default
<CMD> suppressMessage ENCEXT-2799
<CMD> set init_verilog top_module.vh
<CMD> set init_top_cell top_module
<CMD> set init_lef_file /clear/apps/osu/soc/cadence/lib/ami05/lib/osu05_stdcells.lef
<CMD> set init_gnd_net gnd
<CMD> set init_design_settop 0
<CMD> set init_pwr_net vdd
<CMD> init_design

Loading LEF file /clear/apps/osu/soc/cadence/lib/ami05/lib/osu05_stdcells.lef ...
**WARN: (ENCLF-108):	There is no overlap layer defined in any LEF file
so you are unable to create rectilinear partition in a hierarchical flow.
Set DBUPerIGU to M2 pitch 2400.

viaInitial starts at Mon Apr 17 00:49:24 2023
**WARN: (ENCPP-557):	A single-layer VIARULE GENERATE for turn-vias is obsolete and is being ignored. Remove this statement from LEF file: VIARULE TURN1 GENERATE.
Type 'man ENCPP-557' for more detail.
**WARN: (ENCPP-557):	A single-layer VIARULE GENERATE for turn-vias is obsolete and is being ignored. Remove this statement from LEF file: VIARULE TURN2 GENERATE.
Type 'man ENCPP-557' for more detail.
**WARN: (ENCPP-557):	A single-layer VIARULE GENERATE for turn-vias is obsolete and is being ignored. Remove this statement from LEF file: VIARULE TURN3 GENERATE.
Type 'man ENCPP-557' for more detail.
viaInitial ends at Mon Apr 17 00:49:24 2023
*** Begin netlist parsing (mem=320.5M) ***
Reading netlist ...
Backslashed names will retain backslash and a trailing blank character.
Reading verilog netlist 'top_module.vh'

*** Memory Usage v#1 (Current mem = 322.504M, initial mem = 94.324M) ***
*** End netlist parsing (cpu=0:00:00.0, real=0:00:00.0, mem=322.5M) ***
Set top cell to top_module.
*** End library_loading (cpu=0.00min, mem=0.0M, fe_cpu=0.07min, fe_real=0.13min, fe_mem=322.5M) ***
Starting recursive module instantiation check.
No recursion found.
Building hierarchical netlist for Cell top_module ...
*** Netlist is unique.
** info: there are 41 modules.
** info: there are 570 stdCell insts.

*** Memory Usage v#1 (Current mem = 328.254M, initial mem = 94.324M) ***
**WARN: (ENCFP-3961):	The techSite 'IO' has no related cells in LEF library. Cannot make calculations for this site type unless cell models of this type exist in the LEF library. If the SITE is not used by the library you can ignore this warning or remove the SITE definition from the LEF to avoid this message.
Type 'man ENCFP-3961' for more detail.
**WARN: (ENCFP-3961):	The techSite 'corner' has no related cells in LEF library. Cannot make calculations for this site type unless cell models of this type exist in the LEF library. If the SITE is not used by the library you can ignore this warning or remove the SITE definition from the LEF to avoid this message.
Type 'man ENCFP-3961' for more detail.
Horizontal Layer M1 offset = 1500 (derived)
Vertical Layer M2 offset = 1200 (derived)
Set Default Net Delay as 1000 ps.
Set Default Net Load as 0.5 pF. 
Set Input Pin Transition Delay as 0.1 ps.

**WARN: (ENCSYT-7328):	The design has been initialized in physical-only mode because the init_mmmc_file global variable was not defined. Timing analysis will not be possible within this session. You can only use commands that do not depend on timing data. If you need to use timing, you need to restart with an init_mmmc_file to define the timing setup, or you can save this design and use restore_design -mmmc_file <viewDef.tcl> to add the timing setup information.

*** Summary of all messages that are not suppressed in this session:
Severity  ID               Count  Summary                                  
WARNING   ENCLF-108            1  There is no overlap layer defined in any...
WARNING   ENCFP-3961           2  The techSite '%s' has no related cells i...
WARNING   ENCSYT-7328          1  The design has been initialized in physi...
WARNING   ENCPP-557            3  A single-layer VIARULE GENERATE for turn...
*** Message Summary: 7 warning(s), 0 error(s)

<CMD> saveDesign top_module.enc
Writing Netlist "top_module.enc.dat.tmp/top_module.v.gz" ...
Saving AAE Data ...
Saving configuration ...
Saving preference file top_module.enc.dat.tmp/enc.pref.tcl ...
Saving floorplan ...
Saving Drc markers ...
... No Drc file written since there is no markers found.
Saving placement ...
Saving route ...
*** Completed saveRoute (cpu=0:00:00.0 real=0:00:00.0 mem=424.5M) ***
Writing DEF file 'top_module.enc.dat.tmp/top_module.def.gz', current time is Mon Apr 17 00:49:24 2023 ...
unitPerMicron=1000, dbgMicronPerDBU=0.001000, unitPerDBU=1.000000
DEF file 'top_module.enc.dat.tmp/top_module.def.gz' is written, current time is Mon Apr 17 00:49:24 2023 ...
Copying LEF file...
Copying Non-ILM Constraints file(s) ...
Modifying Mode File...
Modifying Globals File...
Modifying Power Constraints File...
Generated self-contained design: /storage-home/y/yg77/527VM/Encounter
*** Message Summary: 0 warning(s), 0 error(s)

<CMD> getIoFlowFlag
<CMD> setIoFlowFlag 0
<CMD> floorPlan -r 1.0 0.6 21 21 21 21
Horizontal Layer M1 offset = 1500 (derived)
Vertical Layer M2 offset = 1200 (derived)
**WARN: (ENCFP-325):	Floorplan of the design is resized. All current floorplan objects are automatically derived based on specified new floorplan. This may change blocks, fixed standard cells, existing routes and blockages.
<CMD> uiSetTool select
<CMD> getIoFlowFlag
<CMD> fit
<CMD> clearGlobalNets
<CMD> globalNetConnect gnd -type pgpin -pin gnd -inst *
<CMD> globalNetConnect vdd -type pgpin -pin vdd -inst *
<CMD> set sprCreateIeRingNets {}
<CMD> set sprCreateIeRingLayers {}
<CMD> set sprCreateIeRingWidth 1.2
<CMD> set sprCreateIeRingSpacing 1.2
<CMD> set sprCreateIeRingOffset 1.2
<CMD> set sprCreateIeRingThreshold 1.2
<CMD> set sprCreateIeRingJogDistance 1.2
<CMD> setAddRingMode -stacked_via_top_layer metal3
<CMD> setAddRingMode -stacked_via_bottom_layer metal1
<CMD> addRing -skip_via_on_wire_shape Noshape -skip_via_on_pin Standardcell -center 1 -type core_rings -jog_distance 1.8 -threshold 1.8 -nets {gnd vdd} -follow core -layer {bottom metal1 top metal1 right metal2 left metal2} -width 6.0 -spacing 1.2 -offset 1.8

The power planner created 8 wires.
*** Ending Ring Generation (totcpu: 0:00:00.0,real: 0:00:00.0, mem: 425.5M) ***
<CMD> placeDesign
**WARN: (ENCSP-9513):	Timing constraint file does not exist
**WARN: (ENCSP-9514):	Non-TimingDriven placement will be performed.
*** Starting placeDesign default flow ***
*** Start deleteBufferTree ***
Info: Detect buffers to remove automatically.
Analyzing netlist ...
Updating netlist

*summary: 0 instances (buffers/inverters) removed
*** Finish deleteBufferTree (0:00:00.0) ***
*** ThreeLayerMode is automatically turned on for small designs with less than 4 layers.
Extracting standard cell pins and blockage ...... 
Pin and blockage extraction finished
Extracting macro/IO cell pins and blockage ...... 
Pin and blockage extraction finished
*** Starting "NanoPlace(TM) placement v#1 (mem=425.5M)" ...
Options: clkGateAware pinGuide congEffort=auto gpeffort=medium 
#std cell=570 (0 fixed + 570 movable) #block=0 (0 floating + 0 preplaced)
#ioInst=0 #net=592 #term=1819 #term/net=3.07, #fixedIo=0, #floatIo=0, #fixedPin=0, #floatPin=53
stdCell: 570 single + 0 double + 0 multi
Total standard cell length = 7.1088 (mm), area = 0.2133 (mm^2)
Average module density = 0.602.
Density for the design = 0.602.
       = stdcell_area 2962 sites (213264 um^2) / alloc_area 4921 sites (354312 um^2).
Pin Density = 0.614.
            = total # of pins 1819 / total Instance area 2962.
=== lastAutoLevel = 5 
Clock gating cells determined by native netlist tracing.
Iteration  1: Total net bbox = 1.700e-11 (0.00e+00 1.70e-11)
              Est.  stn bbox = 1.773e-11 (0.00e+00 1.77e-11)
              cpu = 0:00:00.0 real = 0:00:00.0 mem = 436.5M
Iteration  2: Total net bbox = 1.700e-11 (0.00e+00 1.70e-11)
              Est.  stn bbox = 1.773e-11 (0.00e+00 1.77e-11)
              cpu = 0:00:00.0 real = 0:00:00.0 mem = 436.5M
Iteration  3: Total net bbox = 1.630e+01 (5.29e+00 1.10e+01)
              Est.  stn bbox = 1.888e+01 (5.98e+00 1.29e+01)
              cpu = 0:00:00.0 real = 0:00:00.0 mem = 436.5M
Iteration  4: Total net bbox = 2.375e+04 (1.56e+04 8.18e+03)
              Est.  stn bbox = 2.874e+04 (1.89e+04 9.88e+03)
              cpu = 0:00:00.2 real = 0:00:00.0 mem = 436.5M
Iteration  5: Total net bbox = 2.973e+04 (1.74e+04 1.23e+04)
              Est.  stn bbox = 3.575e+04 (2.11e+04 1.47e+04)
              cpu = 0:00:00.2 real = 0:00:00.0 mem = 436.5M
Iteration  6: Total net bbox = 3.410e+04 (1.96e+04 1.45e+04)
              Est.  stn bbox = 4.065e+04 (2.35e+04 1.71e+04)
              cpu = 0:00:00.2 real = 0:00:00.0 mem = 440.5M
Iteration  7: Total net bbox = 4.708e+04 (2.04e+04 2.66e+04)
              Est.  stn bbox = 5.411e+04 (2.42e+04 2.99e+04)
              cpu = 0:00:00.5 real = 0:00:01.0 mem = 440.5M
Iteration  8: Total net bbox = 5.248e+04 (2.56e+04 2.69e+04)
              Est.  stn bbox = 5.941e+04 (2.97e+04 2.97e+04)
              cpu = 0:00:00.5 real = 0:00:00.0 mem = 444.5M
Iteration  9: Total net bbox = 5.248e+04 (2.56e+04 2.69e+04)
              Est.  stn bbox = 5.941e+04 (2.97e+04 2.97e+04)
              cpu = 0:00:00.0 real = 0:00:00.0 mem = 444.5M
Iteration 10: Total net bbox = 5.248e+04 (2.56e+04 2.69e+04)
              Est.  stn bbox = 5.941e+04 (2.97e+04 2.97e+04)
              cpu = 0:00:00.0 real = 0:00:00.0 mem = 444.5M
*** cost = 5.248e+04 (2.56e+04 2.69e+04) (cpu for global=0:00:01.6) real=0:00:02.0***
Info: 0 clock gating cells identified, 0 (on average) moved
Core Placement runtime cpu: 0:00:01.5 real: 0:00:02.0
**WARN: (ENCSP-9025):	No scan chain specified/traced.
Type 'man ENCSP-9025' for more detail.
*** Starting refinePlace (0:00:06.3 mem=444.5M) ***
Total net length = 5.275e+04 (2.595e+04 2.680e+04) (ext = 1.194e+04)
Move report: Detail placement moves 570 insts, mean move: 13.54 um, max move: 99.35 um
	Max move on inst (dp_dut/out_csel_d_reg): (200.97, 230.18) --> (160.80, 171.00)
	Runtime: CPU: 0:00:00.3 REAL: 0:00:01.0 MEM: 444.5MB
Summary Report:
Instances move: 570 (out of 570 movable)
Mean displacement: 13.54 um
Max displacement: 99.35 um (Instance: dp_dut/out_csel_d_reg) (200.965, 230.182) -> (160.8, 171)
	Length: 12 sites, height: 1 rows, site name: core, cell type: DFFNEGX1
Total net length = 5.140e+04 (2.434e+04 2.706e+04) (ext = 1.159e+04)
Runtime: CPU: 0:00:00.3 REAL: 0:00:01.0 MEM: 444.5MB
*** Finished refinePlace (0:00:06.6 mem=444.5M) ***
Total net length = 5.151e+04 (2.424e+04 2.727e+04) (ext = 1.164e+04)
*** End of Placement (cpu=0:00:01.9, real=0:00:03.0, mem=444.5M) ***
default core: bins with density >  0.75 =    0 % ( 0 / 6 )
Density distribution unevenness ratio = 3.109%
Starting IO pin assignment...
Completed IO pin assignment.
*** ThreeLayerMode is automatically turned on for small designs with less than 4 layers.
Starting congestion repair ...
*** ThreeLayerMode is automatically turned on for small designs with less than 4 layers.
*** Starting trialRoute (mem=444.5M) ***

There are 0 guide points passed to trialRoute for fixed pins.
There are 0 guide points passed to trialRoute for pinGroup/netGroup/pinGuide pins.
Options:  -noPinGuide


Phase 1a-1d Overflow: 0.00% H + 6.19% V (0:00:00.0 445.5M)

Phase 1e-1f Overflow: 0.00% H + 1.81% V (0:00:00.0 445.5M)

Phase 1l Overflow: 0.00% H + 1.81% V (0:00:00.0 445.5M)


Congestion distribution:

Remain	cntH		cntV
--------------------------------------
 -1:	0	 0.00%	20	 1.81%
--------------------------------------
  0:	0	 0.00%	243	21.93%
  1:	0	 0.00%	202	18.23%
  2:	0	 0.00%	209	18.86%
  3:	11	 0.97%	176	15.88%
  4:	40	 3.53%	91	 8.21%
  5:	1083	95.50%	167	15.07%


Total length: 6.109e+04um, number of vias: 3230
M1(H) length: 0.000e+00um, number of vias: 1767
M2(V) length: 3.471e+04um, number of vias: 1463
M3(H) length: 2.638e+04um

Peak Memory Usage was 445.5M 
*** Finished trialRoute (cpu=0:00:00.0 mem=445.5M) ***

Local HotSpot Analysis: normalized max congestion hotspot area = 0.00, normalized total congestion hotspot area = 0.00 (area is in unit of 4 std-cell row bins)
describeCongestion: hCong = 0.00 vCong = 0.00
Trial Route Overflow 0.000000(H) 1.805054(V).
Start repairing congestion with level 1.
Skipped repairing congestion.
End of congRepair (cpu=0:00:00.0, real=0:00:00.0)
*** Finishing placeDesign default flow ***
**placeDesign ... cpu = 0: 0: 2, real = 0: 0: 3, mem = 442.0M **

*** Summary of all messages that are not suppressed in this session:
Severity  ID               Count  Summary                                  
WARNING   ENCSP-9513           1  Timing constraint file does not exist    
WARNING   ENCSP-9514           1  Non-TimingDriven placement will be perfo...
WARNING   ENCSP-9025           1  No scan chain specified/traced.          
*** Message Summary: 3 warning(s), 0 error(s)

<CMD> sroute -nets {vdd gnd}
*** Begin SPECIAL ROUTE on Mon Apr 17 00:49:28 2023 ***
SPECIAL ROUTE ran on directory: /storage-home/y/yg77/527VM/Encounter
SPECIAL ROUTE ran on machine: amber.clear.rice.edu (Linux 3.10.0-1160.81.1.el7.x86_64 Xeon 3.05Ghz)

Begin option processing ...
srouteConnectPowerBump set to false
routeSelectNet set to "vdd gnd"
routeSpecial set to true
srouteConnectConverterPin set to false
srouteFollowCorePinEnd set to 3
srouteJogControl set to "preferWithChanges differentLayer"
sroutePadPinAllPorts set to true
sroutePreserveExistingRoutes set to true
srouteRoutePowerBarPortOnBothDir set to true
End option processing: cpu: 0:00:00, real: 0:00:00, peak: 1076.00 megs.

Reading DB technology information...
Finished reading DB technology information.
Reading floorplan and netlist information...
Finished reading floorplan and netlist information.
Read in 6 layers, 3 routing layers, 0 overlap layer
Read in 34 macros, 14 used
Read in 570 components
  570 core components: 0 unplaced, 570 placed, 0 fixed
Read in 53 physical pins
  53 physical pins: 0 unplaced, 53 placed, 0 fixed
Read in 53 nets
Read in 2 special nets, 2 routed
Read in 1193 terminals
2 nets selected.

Begin power routing ...
**WARN: (ENCSR-1254):	Cannot find any block pin of net vdd. Check netlist, or change option to include the pin.
**WARN: (ENCSR-1256):	Cannot find any CORE class pad pin of net vdd. Change routing area or layer to include the expected pin, or check netlist, or change port class in LEF file.
Type 'man ENCSR-1256' for more detail.
Cannot find any AREAIO class pad pin of net vdd. Check net list, or change port class in LEF file, or change option to include pin in given range.
**WARN: (ENCSR-1254):	Cannot find any block pin of net gnd. Check netlist, or change option to include the pin.
**WARN: (ENCSR-1256):	Cannot find any CORE class pad pin of net gnd. Change routing area or layer to include the expected pin, or check netlist, or change port class in LEF file.
Type 'man ENCSR-1256' for more detail.
Cannot find any AREAIO class pad pin of net gnd. Check net list, or change port class in LEF file, or change option to include pin in given range.
CPU time for FollowPin 0 seconds
CPU time for FollowPin 0 seconds
  Number of IO ports routed: 0
  Number of Block ports routed: 0
  Number of Stripe ports routed: 0
  Number of Core ports routed: 40
  Number of Pad ports routed: 0
  Number of Power Bump ports routed: 0
  Number of Followpin connections: 20
End power routing: cpu: 0:00:00, real: 0:00:00, peak: 1081.00 megs.



 Begin updating DB with routing results ...
 Updating DB with 4 via definition ...
 Updating DB with 53 io pins ...

sroute post-processing starts at Mon Apr 17 00:49:28 2023
The viaGen is rebuilding shadow vias for net gnd.
sroute post-processing ends at Mon Apr 17 00:49:28 2023

sroute post-processing starts at Mon Apr 17 00:49:28 2023
The viaGen is rebuilding shadow vias for net vdd.
sroute post-processing ends at Mon Apr 17 00:49:28 2023
sroute: Total CPU time used = 0:0:0
sroute: Total Real time used = 0:0:0
sroute: Total Memory used = 3.06 megs
sroute: Total Peak Memory used = 445.09 megs
<CMD> saveDesign top_module.enc
Writing Netlist "top_module.enc.dat.tmp/top_module.v.gz" ...
Saving AAE Data ...
Saving configuration ...
Saving preference file top_module.enc.dat.tmp/enc.pref.tcl ...
Saving floorplan ...
Saving Drc markers ...
... No Drc file written since there is no markers found.
Saving placement ...
Saving route ...
*** Completed saveRoute (cpu=0:00:00.0 real=0:00:00.0 mem=446.1M) ***
Writing DEF file 'top_module.enc.dat.tmp/top_module.def.gz', current time is Mon Apr 17 00:49:28 2023 ...
unitPerMicron=1000, dbgMicronPerDBU=0.001000, unitPerDBU=1.000000
DEF file 'top_module.enc.dat.tmp/top_module.def.gz' is written, current time is Mon Apr 17 00:49:28 2023 ...
Copying LEF file...
Copying Non-ILM Constraints file(s) ...
Modifying Mode File...
Modifying Globals File...
Modifying Power Constraints File...
Generated self-contained design: /storage-home/y/yg77/527VM/Encounter
*** Message Summary: 0 warning(s), 0 error(s)

<CMD> addFiller -cell FILL -prefix FILLER -markFixed
**WARN: (ENCSP-9057):	Fillers being added in a FIXED mode to the whole design. Some subsequent
operations, such as antenna fixing, may fail due to fillers being marked
as 'FIXED'. If this was not intended, use deleteFiller command to undo.
*INFO: Adding fillers to top-module.
*INFO:   Added 1959 filler insts (cell FILL / prefix FILLER).
*INFO: Total 1959 filler insts added - prefix FILLER (CPU: 0:00:00.0).
For 1959 new insts, *** Applied 2 GNC rules (cpu = 0:00:00.0)
<CMD> routeDesign -globalDetail
#routeDesign: cpu time = 00:00:00, elapsed time = 00:00:00, memory = 445.80 (MB), peak = 449.98 (MB)
#WARNING (NRIG-96) Selected single pass global detail route "-globalDetail". Clock eco and post optimizations will not be run. See "man NRIG-96" for more details.
Begin checking placement ... (start mem=446.1M, init mem=446.1M)
*info: Placed = 2529           (Fixed = 1959)
*info: Unplaced = 0           
Placement Density:100.00%(213264/213264)
Finished checkPlace (cpu: total=0:00:00.0, vio checks=0:00:00.0; mem=446.1M)
#**INFO: auto set of routeWithTimingDriven to true
#**INFO: auto set of routeWithSiDriven to true

changeUseClockNetStatus Option :  -noFixedNetWires 
*** Changed status on (0) nets in Clock.
*** End changeUseClockNetStatus (cpu=0:00:00.0, real=0:00:00.0, mem=446.1M) ***

globalDetailRoute

#setNanoRouteMode -routeWithSiDriven true
#setNanoRouteMode -routeWithTimingDriven true
#Start globalDetailRoute on Mon Apr 17 00:49:29 2023
#
#Generating timing graph information, please wait...
#592 total nets, 0 already routed, 0 will ignore in trialRoute
#Dump tif for version 2.1
**WARN: (ENCEXT-3530):	The process node is not set. Use the command setDesignMode -process <process node> prior to extraction for maximum accuracy and optimal automatic threshold setting.
**WARN: (ENCEXT-6197):	Capacitance table file not specified. This will result in lower parasitic accuracy using preRoute extraction or postRoute extraction with effort level 'low'. It is recommended to generate the capacitance table file using 'generateCapTbl' command and specify it before extraction.
**ERROR: (ENCDC-634):	Failed to build the timing graph since timing library files have not yet been loaded. To resolve this, check that timing library files have been correctly specified in the loaded design database.
**WARN: (ENCESI-2013):	The power rail of instance U57 term A has zero voltage, resetting the power rail to default vdd. Check the power specification of this instance.
**WARN: (ENCESI-2013):	The power rail of instance U56 term A has zero voltage, resetting the power rail to default vdd. Check the power specification of this instance.
**WARN: (ENCEXT-2882):	Unable to find resistance for via 'M2_M1' in capacitance table or LEF files. Check the capacitance table and LEF files. Assigning default value of 4.0 ohms.
**WARN: (ENCEXT-2882):	Unable to find resistance for via 'M3_M2' in capacitance table or LEF files. Check the capacitance table and LEF files. Assigning default value of 4.0 ohms.
**WARN: (ENCESI-2013):	The power rail of instance main_FSM_dut/out_state_reg[0] term CLK has zero voltage, resetting the power rail to default vdd. Check the power specification of this instance.
**WARN: (ENCESI-2013):	The power rail of instance main_FSM_dut/out_state_reg[1] term CLK has zero voltage, resetting the power rail to default vdd. Check the power specification of this instance.
**WARN: (ENCESI-2013):	The power rail of instance main_FSM_dut/out_cmd_reg[1] term CLK has zero voltage, resetting the power rail to default vdd. Check the power specification of this instance.
**WARN: (ENCESI-2013):	The power rail of instance main_FSM_dut/out_cmd_reg[0] term CLK has zero voltage, resetting the power rail to default vdd. Check the power specification of this instance.
**WARN: (ENCESI-2013):	The power rail of instance U193 term A has zero voltage, resetting the power rail to default vdd. Check the power specification of this instance.
**WARN: (ENCESI-2013):	The power rail of instance U55 term B has zero voltage, resetting the power rail to default vdd. Check the power specification of this instance.
**WARN: (ENCESI-2013):	The power rail of instance dp_dut/U272 term B has zero voltage, resetting the power rail to default vdd. Check the power specification of this instance.
**WARN: (ENCESI-2013):	The power rail of instance main_FSM_dut/U7 term A has zero voltage, resetting the power rail to default vdd. Check the power specification of this instance.
**WARN: (ENCESI-2013):	The power rail of instance main_FSM_dut/U8 term C has zero voltage, resetting the power rail to default vdd. Check the power specification of this instance.
**WARN: (ENCESI-2013):	The power rail of instance U176 term A has zero voltage, resetting the power rail to default vdd. Check the power specification of this instance.
**WARN: (ENCESI-2013):	The power rail of instance U9 term A has zero voltage, resetting the power rail to default vdd. Check the power specification of this instance.
**WARN: (ENCESI-2013):	The power rail of instance dp_dut/dp_cluster_0/add_1_root_add_103_5/U1_5 term B has zero voltage, resetting the power rail to default vdd. Check the power specification of this instance.
**WARN: (ENCESI-2013):	The power rail of instance U177 term A has zero voltage, resetting the power rail to default vdd. Check the power specification of this instance.
**WARN: (ENCESI-2013):	The power rail of instance U23 term A has zero voltage, resetting the power rail to default vdd. Check the power specification of this instance.
**WARN: (ENCESI-2013):	The power rail of instance dp_dut/dp_cluster_0/add_0_root_add_103_5/U1_2 term A has zero voltage, resetting the power rail to default vdd. Check the power specification of this instance.
**WARN: (ENCESI-2013):	The power rail of instance U160 term B has zero voltage, resetting the power rail to default vdd. Check the power specification of this instance.
**WARN: (ENCESI-2013):	The power rail of instance U12 term B has zero voltage, resetting the power rail to default vdd. Check the power specification of this instance.
**WARN: (ENCESI-2013):	The power rail of instance dp_dut/U264 term A has zero voltage, resetting the power rail to default vdd. Check the power specification of this instance.
**WARN: (EMS-63):	Message <ENCESI-2013> has exceeded the default message display limit of 20.
To avoid this warning, increase the display limit per unique message by
using the set_message -limit <number> command.
The message limit can be removed by using the set_message -no_limit command.
Note that setting a very large number using the set_message -limit command
or removing the message limit using the set_message -no_limit command can
significantly increase the log file size.
To suppress a message, use the set_message -suppress command.
AAE_MTTC: End Timing Check Calculation. (CPU Time=0:00:00.0, Real Time=0:00:00.0)
AAE_THRD: End delay calculation. (MEM=604.055 CPU=0:00:00.0 REAL=0:00:00.0)
#Write timing file took: cpu time = 00:00:00, elapsed time = 00:00:00, memory = 475.05 (MB), peak = 483.29 (MB)
#Done generating timing graph information.
#Start reading timing information from file .timing_file_20487.tif.gz ...
#WARNING (NRDB-194) 
#No setup time constraints read in
#Read in timing information for 53 ports, 570 instances from timing file .timing_file_20487.tif.gz.
#NanoRoute Version v14.28-s005 NR160313-1959/14_28-UB
#Bottom routing layer is M1, bottom routing layer for shielding is M1, bottom shield layer is M1
#Start routing data preparation.
#WARNING (NRDB-2077) The below via enclosure for LAYER metal1 is not specified for width 0.900.
#WARNING (NRDB-2078) The above via enclosure for LAYER metal2 is not specified for width 0.900.
#WARNING (NRDB-2077) The below via enclosure for LAYER metal1 is not specified for width 0.900.
#WARNING (NRDB-2078) The above via enclosure for LAYER metal2 is not specified for width 0.900.
#WARNING (NRDB-2077) The below via enclosure for LAYER metal2 is not specified for width 0.900.
#WARNING (NRDB-2078) The above via enclosure for LAYER metal3 is not specified for width 1.500.
#WARNING (NRDB-2077) The below via enclosure for LAYER metal2 is not specified for width 0.900.
#WARNING (NRDB-2078) The above via enclosure for LAYER metal3 is not specified for width 1.500.
# metal1       H   Track-Pitch = 3.000    Line-2-Via Pitch = 1.950
# metal2       V   Track-Pitch = 2.400    Line-2-Via Pitch = 1.950
# metal3       H   Track-Pitch = 3.000    Line-2-Via Pitch = 2.550
#Regenerating Ggrids automatically.
#Auto generating G-grids with size=20 tracks, using layer metal2's pitch = 2.400.
#Using automatically generated G-grids.
#Done routing data preparation.
#cpu time = 00:00:00, elapsed time = 00:00:00, memory = 512.40 (MB), peak = 512.40 (MB)
#Merging special wires...
#Using S.M.A.R.T. routing technology.
#Number of eco nets is 0
#
#Start data preparation...
#
#Data preparation is done on Mon Apr 17 00:49:29 2023
#
#Analyzing routing resource...
#Routing resource analysis is done on Mon Apr 17 00:49:30 2023
#
#  Resource Analysis:
#
#               Routing  #Avail      #Track     #Total     %Gcell
#  Layer      Direction   Track     Blocked      Gcell    Blocked
#  --------------------------------------------------------------
#  Metal 1        H         204           0         182    70.33%
#  Metal 2        V         278           0         182     0.00%
#  Metal 3        H         204           0         182     0.00%
#  --------------------------------------------------------------
#  Total                    686       0.00%  546    23.44%
#
#
#
#cpu time = 00:00:00, elapsed time = 00:00:00, memory = 512.67 (MB), peak = 512.73 (MB)
#
#start global routing iteration 1...
#cpu time = 00:00:00, elapsed time = 00:00:00, memory = 513.27 (MB), peak = 513.36 (MB)
#
#start global routing iteration 2...
#cpu time = 00:00:00, elapsed time = 00:00:00, memory = 513.36 (MB), peak = 513.43 (MB)
#
#start global routing iteration 3...
#cpu time = 00:00:00, elapsed time = 00:00:00, memory = 513.43 (MB), peak = 513.44 (MB)
#
#start global routing iteration 4...
#cpu time = 00:00:00, elapsed time = 00:00:00, memory = 513.44 (MB), peak = 513.44 (MB)
#
#
#Total number of trivial nets (e.g. < 2 pins) = 17 (skipped).
#Total number of routable nets = 592.
#Total number of nets in the design = 609.
#
#592 routable nets have only global wires.
#
#Routed nets constraints summary:
#-----------------------------
#        Rules   Unconstrained  
#-----------------------------
#      Default             592  
#-----------------------------
#        Total             592  
#-----------------------------
#
#Routing constraints summary of the whole design:
#-----------------------------
#        Rules   Unconstrained  
#-----------------------------
#      Default             592  
#-----------------------------
#        Total             592  
#-----------------------------
#
#
#  Congestion Analysis: (blocked Gcells are excluded)
#
#                 OverCon       OverCon       OverCon       OverCon          
#                  #Gcell        #Gcell        #Gcell        #Gcell    %Gcell
#     Layer         (1-2)         (3-5)         (6-8)        (9-11)   OverCon
#  --------------------------------------------------------------------------
#   Metal 1      0(0.00%)      0(0.00%)      0(0.00%)      0(0.00%)   (0.00%)
#   Metal 2     21(11.5%)      8(4.40%)      4(2.20%)      2(1.10%)   (19.2%)
#   Metal 3      0(0.00%)      0(0.00%)      0(0.00%)      0(0.00%)   (0.00%)
#  --------------------------------------------------------------------------
#     Total     21(4.45%)      8(1.69%)      4(0.85%)      2(0.42%)   (7.42%)
#
#  The worst congested Gcell overcon (routing demand over resource in number of tracks) = 11
#
#Complete Global Routing.
#Total wire length = 68209 um.
#Total half perimeter of net bounding box = 52688 um.
#Total wire length on LAYER metal1 = 0 um.
#Total wire length on LAYER metal2 = 38273 um.
#Total wire length on LAYER metal3 = 29936 um.
#Total number of vias = 2413
#Up-Via Summary (total 2413):
#           
#-----------------------
#  Metal 1         1626
#  Metal 2          787
#-----------------------
#                  2413 
#
#Max overcon = 11 tracks.
#Total overcon = 7.42%.
#Worst layer Gcell overcon rate = 0.00%.
#cpu time = 00:00:00, elapsed time = 00:00:00, memory = 513.50 (MB), peak = 513.51 (MB)
#
#
#Start data preparation for track assignment...
#
#Data preparation is done on Mon Apr 17 00:49:30 2023
#
#cpu time = 00:00:00, elapsed time = 00:00:00, memory = 513.54 (MB), peak = 513.54 (MB)
#Start Track Assignment.
#Done with 528 horizontal wires in 1 hboxes and 720 vertical wires in 1 hboxes.
#Done with 149 horizontal wires in 1 hboxes and 229 vertical wires in 1 hboxes.
#Complete Track Assignment.
#Total wire length = 64629 um.
#Total half perimeter of net bounding box = 52688 um.
#Total wire length on LAYER metal1 = 0 um.
#Total wire length on LAYER metal2 = 36905 um.
#Total wire length on LAYER metal3 = 27724 um.
#Total number of vias = 2413
#Up-Via Summary (total 2413):
#           
#-----------------------
#  Metal 1         1626
#  Metal 2          787
#-----------------------
#                  2413 
#
#cpu time = 00:00:00, elapsed time = 00:00:00, memory = 482.96 (MB), peak = 513.55 (MB)
#
#Cpu time = 00:00:00
#Elapsed time = 00:00:00
#Increased memory = 5.58 (MB)
#Total memory = 482.96 (MB)
#Peak memory = 513.55 (MB)
#Using S.M.A.R.T. routing technology.
#routeSiEffort set to high
#
#Start Detail Routing..
#start initial detail routing ...
#    number of violations = 0
#cpu time = 00:00:01, elapsed time = 00:00:01, memory = 582.24 (MB), peak = 582.24 (MB)
#start 1st optimization iteration ...
#    number of violations = 0
#cpu time = 00:00:00, elapsed time = 00:00:00, memory = 582.24 (MB), peak = 582.24 (MB)
#Complete Detail Routing.
#Total wire length = 63052 um.
#Total half perimeter of net bounding box = 52688 um.
#Total wire length on LAYER metal1 = 5448 um.
#Total wire length on LAYER metal2 = 34750 um.
#Total wire length on LAYER metal3 = 22853 um.
#Total number of vias = 2839
#Up-Via Summary (total 2839):
#           
#-----------------------
#  Metal 1         1633
#  Metal 2         1206
#-----------------------
#                  2839 
#
#Total number of DRC violations = 0
#Cpu time = 00:00:01
#Elapsed time = 00:00:01
#Increased memory = 99.30 (MB)
#Total memory = 582.25 (MB)
#Peak memory = 582.25 (MB)
#
#Start Post Route wire spreading..
#
#Start data preparation for wire spreading...
#
#Data preparation is done on Mon Apr 17 00:49:31 2023
#
#cpu time = 00:00:00, elapsed time = 00:00:00, memory = 582.27 (MB), peak = 582.27 (MB)
#
#Spread distance (# of tracks): min = 0.500000; max = 2.000000
#
#Start Post Route Wire Spread.
#Done with 112 horizontal wires in 1 hboxes and 202 vertical wires in 1 hboxes.
#Complete Post Route Wire Spread.
#
#Total wire length = 64478 um.
#Total half perimeter of net bounding box = 52688 um.
#Total wire length on LAYER metal1 = 5448 um.
#Total wire length on LAYER metal2 = 35535 um.
#Total wire length on LAYER metal3 = 23495 um.
#Total number of vias = 2839
#Up-Via Summary (total 2839):
#           
#-----------------------
#  Metal 1         1633
#  Metal 2         1206
#-----------------------
#                  2839 
#
#cpu time = 00:00:00, elapsed time = 00:00:00, memory = 488.01 (MB), peak = 582.28 (MB)
#
#Post Route wire spread is done.
#Total wire length = 64478 um.
#Total half perimeter of net bounding box = 52688 um.
#Total wire length on LAYER metal1 = 5448 um.
#Total wire length on LAYER metal2 = 35535 um.
#Total wire length on LAYER metal3 = 23495 um.
#Total number of vias = 2839
#Up-Via Summary (total 2839):
#           
#-----------------------
#  Metal 1         1633
#  Metal 2         1206
#-----------------------
#                  2839 
#
#
#Start DRC checking..
#    number of violations = 0
#cpu time = 00:00:00, elapsed time = 00:00:00, memory = 563.26 (MB), peak = 582.28 (MB)
#    number of violations = 0
#cpu time = 00:00:00, elapsed time = 00:00:00, memory = 563.26 (MB), peak = 582.28 (MB)
#CELL_VIEW top_module,init has no DRC violation.
#Total number of DRC violations = 0
#Using S.M.A.R.T. routing technology.
#routeSiEffort set to high
#
#Start Detail Routing..
#start 1st optimization iteration ...
#    number of violations = 0
#cpu time = 00:00:00, elapsed time = 00:00:00, memory = 563.27 (MB), peak = 582.28 (MB)
#Complete Detail Routing.
#Total wire length = 64478 um.
#Total half perimeter of net bounding box = 52688 um.
#Total wire length on LAYER metal1 = 5448 um.
#Total wire length on LAYER metal2 = 35535 um.
#Total wire length on LAYER metal3 = 23495 um.
#Total number of vias = 2839
#Up-Via Summary (total 2839):
#           
#-----------------------
#  Metal 1         1633
#  Metal 2         1206
#-----------------------
#                  2839 
#
#Total number of DRC violations = 0
#
#start routing for process antenna violation fix ...
#cpu time = 00:00:00, elapsed time = 00:00:00, memory = 563.27 (MB), peak = 582.28 (MB)
#
#Total wire length = 64478 um.
#Total half perimeter of net bounding box = 52688 um.
#Total wire length on LAYER metal1 = 5448 um.
#Total wire length on LAYER metal2 = 35535 um.
#Total wire length on LAYER metal3 = 23495 um.
#Total number of vias = 2839
#Up-Via Summary (total 2839):
#           
#-----------------------
#  Metal 1         1633
#  Metal 2         1206
#-----------------------
#                  2839 
#
#Total number of DRC violations = 0
#
#detailRoute Statistics:
#Cpu time = 00:00:01
#Elapsed time = 00:00:02
#Increased memory = 80.31 (MB)
#Total memory = 563.27 (MB)
#Peak memory = 582.28 (MB)
#
#globalDetailRoute statistics:
#Cpu time = 00:00:02
#Elapsed time = 00:00:02
#Increased memory = 117.50 (MB)
#Total memory = 563.39 (MB)
#Peak memory = 582.28 (MB)
#Number of warnings = 9
#Total number of warnings = 10
#Number of fails = 0
#Total number of fails = 0
#Complete globalDetailRoute on Mon Apr 17 00:49:31 2023
#
#routeDesign: cpu time = 00:00:02, elapsed time = 00:00:02, memory = 563.39 (MB), peak = 582.28 (MB)

*** Summary of all messages that are not suppressed in this session:
Severity  ID               Count  Summary                                  
WARNING   ENCEXT-6197          1  Capacitance table file not specified. Th...
WARNING   ENCEXT-2882          2  Unable to find resistance for via '%s' i...
WARNING   ENCEXT-3530          1  The process node is not set. Use the com...
ERROR     ENCDC-634            1  Failed to build the timing graph since t...
WARNING   ENCESI-2013       1767  The power rail of instance %s term %s ha...
*** Message Summary: 1771 warning(s), 1 error(s)

<CMD> verifyGeometry
 *** Starting Verify Geometry (MEM: 655.7) ***

  VERIFY GEOMETRY ...... Starting Verification
  VERIFY GEOMETRY ...... Initializing
  VERIFY GEOMETRY ...... Deleting Existing Violations
  VERIFY GEOMETRY ...... Creating Sub-Areas
                  ...... bin size: 9600
VG: elapsed time: 1.00
Begin Summary ...
  Cells       : 0
  SameNet     : 0
  Wiring      : 0
  Antenna     : 0
  Short       : 0
  Overlap     : 0
End Summary

  Verification Complete : 0 Viols.  0 Wrngs.

**********End: VERIFY GEOMETRY**********
 *** verify geometry (CPU: 0:00:00.2  MEM: 0.0M)

<CMD> verifyConnectivity -type all -noAntenna
VERIFY_CONNECTIVITY use new engine.

******** Start: VERIFY CONNECTIVITY ********
Start Time: Mon Apr 17 00:49:32 2023

Design Name: top_module
Database Units: 1000
Design Boundary: (0.0000, 0.0000) (666.9000, 612.0000)
Error Limit = 1000; Warning Limit = 50
Check all nets

Begin Summary 
  Found no problems or warnings.
End Summary

End Time: Mon Apr 17 00:49:32 2023
Time Elapsed: 0:00:00.0

******** End: VERIFY CONNECTIVITY ********
  Verification Complete : 0 Viols.  0 Wrngs.
  (CPU Time: 0:00:00.0  MEM: 0.000M)

<CMD> setStreamOutMode -snapToMGrid true -supportPathType4 false
<CMD> streamOut final.gds -mapFile /clear/apps/osu/soc/cadence/flow/ami05/gds2_encounter.map -libName DesignLib -units 100 -merge /clear/apps/osu/soc/cadence/lib/source/gds2/osu05_stdcells.gds2 -mode ALL
Finding the highest version number among the merge files
Merge file: /clear/apps/osu/soc/cadence/lib/source/gds2/osu05_stdcells.gds2 has version number: 3

Parse map file...
**WARN: (ENCOGDS-399):	 Only 1 layer(s) (metal1) of a VIA object is(are) specified in map file '/clear/apps/osu/soc/cadence/flow/ami05/gds2_encounter.map'. A VIA object needs 3 layers (poly cc metal1) being specified at the same time in the map file. Add VIA contruct(s) to the map file for the following layer(s): poly cc or remove VIA construct(s) from the map file for the following layer(s): metal1.
Type 'man ENCOGDS-399' for more detail.
**WARN: (ENCOGDS-399):	 Only 1 layer(s) (metal1) of a VIAFILL object is(are) specified in map file '/clear/apps/osu/soc/cadence/flow/ami05/gds2_encounter.map'. A VIAFILL object needs 3 layers (poly cc metal1) being specified at the same time in the map file. Add VIAFILL contruct(s) to the map file for the following layer(s): poly cc or remove VIAFILL construct(s) from the map file for the following layer(s): metal1.
Type 'man ENCOGDS-399' for more detail.
Writing GDSII file ...
	****** db unit per micron = 1000 ******
	****** output gds2 file unit per micron = 100 ******
	****** unit scaling factor = 0.1 ******
**WARN: (ENCOGDS-250):	Specified unit is smaller than the one in db. You may have rounding problems
Output for instance
Output for bump
Output for physical terminals
Output for logical terminals
Output for regular nets
Output for special nets and metal fills
Output for via structure generation
Statistics for GDS generated (version 3)
----------------------------------------
Stream Out Layer Mapping Information:
GDS Layer Number          GDS Layer Name
----------------------------------------
    49                            metal1
    50                               via
    51                            metal2
    61                              via2
    62                            metal3
    49                            metal1
    51                            metal2
    62                            metal3


Stream Out Information Processed for GDS version 3:
Units: 100 DBU

Object                             Count
----------------------------------------
Instances                           2529

Ports/Pins                            53
    metal layer metal2                34
    metal layer metal3                19

Nets                                4769
    metal layer metal1               801
    metal layer metal2              2793
    metal layer metal3              1175

    Via Instances                   2839

Special Nets                          68
    metal layer metal1                64
    metal layer metal2                 4

    Via Instances                     48

Metal Fills                            0

    Via Instances                      0

Metal FillOPCs                         0

    Via Instances                      0

Text                                  55
    metal layer metal1                 2
    metal layer metal2                34
    metal layer metal3                19


Blockages                              0


Custom Text                            0


Custom Box                             0

Merging with GDS libraries
Scanning GDS file /clear/apps/osu/soc/cadence/lib/source/gds2/osu05_stdcells.gds2 to register cell name ......
Merging GDS file /clear/apps/osu/soc/cadence/lib/source/gds2/osu05_stdcells.gds2 ......
	****** Merge file: /clear/apps/osu/soc/cadence/lib/source/gds2/osu05_stdcells.gds2 has version number: 3.
	****** Merge file: /clear/apps/osu/soc/cadence/lib/source/gds2/osu05_stdcells.gds2 has units: 1000 per micron.
	****** unit scaling factor = 0.1 ******
**WARN: (ENCOGDS-215):	Merge file : /clear/apps/osu/soc/cadence/lib/source/gds2/osu05_stdcells.gds2 has larger units than output file units. You may have rounding problem.
**WARN: (ENCOGDS-280):	Maximum units in merge file is 1000. Use -units 1000 to avoid rounding issue.
######Streamout is finished!
<CMD> saveNetlist final.v
Writing Netlist "final.v" ...
<CMD> saveDesign top_module.enc
Writing Netlist "top_module.enc.dat.tmp/top_module.v.gz" ...
Saving AAE Data ...
Saving configuration ...
Saving preference file top_module.enc.dat.tmp/enc.pref.tcl ...
Saving floorplan ...
Saving Drc markers ...
... No Drc file written since there is no markers found.
Saving placement ...
Saving route ...
*** Completed saveRoute (cpu=0:00:00.0 real=0:00:00.0 mem=589.1M) ***
Writing DEF file 'top_module.enc.dat.tmp/top_module.def.gz', current time is Mon Apr 17 00:49:32 2023 ...
unitPerMicron=1000, dbgMicronPerDBU=0.001000, unitPerDBU=1.000000
DEF file 'top_module.enc.dat.tmp/top_module.def.gz' is written, current time is Mon Apr 17 00:49:32 2023 ...
Copying LEF file...
Copying Non-ILM Constraints file(s) ...
Modifying Mode File...
Modifying Globals File...
Modifying Power Constraints File...
Generated self-contained design: /storage-home/y/yg77/527VM/Encounter
*** Message Summary: 0 warning(s), 0 error(s)

invalid command name "quit"
ambiguous command name "q": queryDensityInBox queryFPlanObject queryPinDensity queryPlaceDensity query_objects

*** Memory Usage v#1 (Current mem = 589.062M, initial mem = 94.324M) ***
*** Message Summary: 1792 warning(s), 1 error(s)

--- Ending "Encounter" (totcpu=0:00:11.1, real=0:00:24.0, mem=589.1M) ---
