 w in_clka in_clkb 
 w in_restart inserted_5 inserted_1 inserted_05 inserted_025
 w in_sel_a in_sel_b in_sel_c in_sel_d
 w in_next in_finish change
 w out_stock_a out_stock_b out_stock_c out_stock_d
 w out_csel_a out_csel_b out_csel_c out_csel_d
 w change_1 out_change_05 out_change_025
 w out_spit_a out_spit_b out_spit_c out_spit_d

V   in_restart              1	0	0	0	0	0	0	0	0	0	0	0	0	0	0	0	0
V   in_sel_a                0	0	1	0	0	0	0	0	0	0	0	0	0	0	1	0	0
V   in_sel_b                0	0	0	0	0	0	0	0	0	0	0	0	0	0	0	0	0
V   in_sel_c                0	0	0	0	0	0	0	1	0	0	0	0	0	0	0	0	0
V   in_sel_d                0	0	0	0	0	0	0	0	0	0	0	0	0	0	0	0	0
V   in_next                 0	0	0	0	0	1	0	0	1	0	0	0	0	0	0	0	0
V   in_finish               0	0	0	0	0	0	0	0	0	0	1	0	0	0	0	0	0
V   in_inserted_5[7]      0	0	0	0	0	0	0	0	0	0	0	0	0	0	0	0	0
V   in_inserted_5[6]      0	0	0	0	0	0	0	0	0	0	0	0	0	0	0	0	0
V   in_inserted_5[5]      0	0	0	0	0	0	0	0	0	0	0	0	0	0	0	0	0
V   in_inserted_5[4]      0	0	0	0	0	0	0	0	0	0	0	0	0	0	0	0	0
V   in_inserted_5[3]      0	0	0	0	0	0	0	0	0	0	0	0	0	0	0	0	0
V   in_inserted_5[2]      0	0	0	0	0	0	0	0	0	0	0	0	0	0	0	0	0
V   in_inserted_5[1]      0	0	0	0	0	0	0	0	0	0	0	0	0	0	0	0	0
V   in_inserted_5[0]      0	0	0	0	0	0	0	1	0	0	0	0	0	0	0	0	0
V   in_inserted_1[7]      0	0	0	0	0	0	0	0	0	0	0	0	0	0	0	0	0
V   in_inserted_1[6]      0	0	0	0	0	0	0	0	0	0	0	0	0	0	0	0	0
V   in_inserted_1[5]      0	0	0	0	0	0	0	0	0	0	0	0	0	0	0	0	0
V   in_inserted_1[4]      0	0	0	0	0	0	0	0	0	0	0	0	0	0	0	0	0
V   in_inserted_1[3]      0	0	0	0	0	0	0	0	0	0	0	0	0	0	0	0	0
V   in_inserted_1[2]      0	0	0	0	0	0	0	0	0	0	0	0	0	0	0	0	0
V   in_inserted_1[1]      0	0	0	0	0	0	0	0	0	0	0	0	0	0	0	0	0
V   in_inserted_1[0]      0	0	0	1	1	0	0	0	0	0	0	0	0	0	0	0	0
V   in_inserted_05[7]     0	0	0	0	0	0	0	0	0	0	0	0	0	0	0	0	0
V   in_inserted_05[6]     0	0	0	0	0	0	0	0	0	0	0	0	0	0	0	0	0
V   in_inserted_05[5]     0	0	0	0	0	0	0	0	0	0	0	0	0	0	0	0	0
V   in_inserted_05[4]     0	0	0	0	0	0	0	0	0	0	0	0	0	0	0	0	0
V   in_inserted_05[3]     0	0	0	0	0	0	0	0	0	0	0	0	0	0	0	0	0
V   in_inserted_05[2]     0	0	0	0	0	0	0	0	0	0	0	0	0	0	0	0	0
V   in_inserted_05[1]     0	0	0	0	0	0	0	0	0	0	0	0	0	0	0	0	0
V   in_inserted_05[0]     0	0	0	1	0	0	0	0	0	0	0	0	0	0	0	0	0
V   in_inserted_025[7]    0	0	0	0	0	0	0	0	0	0	0	0	0	0	0	0	0
V   in_inserted_025[6]    0	0	0	0	0	0	0	0	0	0	0	0	0	0	0	0	0
V   in_inserted_025[5]    0	0	0	0	0	0	0	0	0	0	0	0	0	0	0	0	0
V   in_inserted_025[4]    0	0	0	0	0	0	0	0	0	0	0	0	0	0	0	0	0
V   in_inserted_025[3]    0	0	0	0	0	0	0	0	0	0	0	0	0	0	0	0	0
V   in_inserted_025[2]    0	0	0	0	0	0	0	0	0	0	0	0	0	0	0	0	0
V   in_inserted_025[1]    0	0	0	0	0	0	0	0	0	0	0	0	0	0	0	0	0
V   in_inserted_025[0]    0	0	0	0	0	0	0	0	0	0	0	0	0	0	0	0	0

| Two phase clock with non-overlap period - same as Modelsim testbench
clock in_clka 0 1 0 0
clock in_clkb 0 0 0 1
R
| change_1=XXXXXXXX change=XXXXXXXXXXXXXXXX inserted_025=00000000 
| inserted_05=00000000 inserted_1=00000000 inserted_5=00000000 out_spit_d=X 
| out_spit_c=X out_spit_b=X out_spit_a=X out_change_025=X out_change_05=X 
| out_csel_d=X out_csel_c=X out_csel_b=X out_csel_a=X out_stock_d=X 
| out_stock_c=X out_stock_b=X out_stock_a=X in_finish=0 in_next=0 in_sel_d=0 
| in_sel_c=0 in_sel_b=0 in_sel_a=0 in_restart=1 in_clkb=1 in_clka=0 
| time = 50.000ns
| change_1=XXXXXXXX change=XXXXXXXXXXXXXXXX inserted_025=00000000 
| inserted_05=00000000 inserted_1=00000000 inserted_5=00000000 out_spit_d=X 
| out_spit_c=X out_spit_b=X out_spit_a=X out_change_025=X out_change_05=X 
| out_csel_d=X out_csel_c=X out_csel_b=X out_csel_a=X out_stock_d=X 
| out_stock_c=X out_stock_b=X out_stock_a=X in_finish=0 in_next=0 in_sel_d=0 
| in_sel_c=0 in_sel_b=0 in_sel_a=0 in_restart=1 in_clkb=1 in_clka=0 
| time = 50.000ns
| change_1=XXXXXXXX change=0000000000000000 inserted_025=00000000 
| inserted_05=00000000 inserted_1=00000000 inserted_5=00000000 out_spit_d=0 
| out_spit_c=0 out_spit_b=0 out_spit_a=0 out_change_025=X out_change_05=X 
| out_csel_d=0 out_csel_c=0 out_csel_b=0 out_csel_a=0 out_stock_d=1 
| out_stock_c=1 out_stock_b=1 out_stock_a=1 in_finish=0 in_next=0 in_sel_d=0 
| in_sel_c=0 in_sel_b=0 in_sel_a=0 in_restart=0 in_clkb=1 in_clka=0 
| time = 90.000ns
| change_1=XXXXXXXX change=0000000000000000 inserted_025=00000000 
| inserted_05=00000000 inserted_1=00000000 inserted_5=00000000 out_spit_d=0 
| out_spit_c=0 out_spit_b=0 out_spit_a=0 out_change_025=X out_change_05=X 
| out_csel_d=0 out_csel_c=0 out_csel_b=0 out_csel_a=0 out_stock_d=1 
| out_stock_c=1 out_stock_b=1 out_stock_a=1 in_finish=0 in_next=0 in_sel_d=0 
| in_sel_c=0 in_sel_b=0 in_sel_a=0 in_restart=0 in_clkb=1 in_clka=0 
| time = 90.000ns
| change_1=00000000 change=1111111111110010 inserted_025=00000000 
| inserted_05=00000000 inserted_1=00000000 inserted_5=00000000 out_spit_d=0 
| out_spit_c=0 out_spit_b=0 out_spit_a=0 out_change_025=0 out_change_05=0 
| out_csel_d=0 out_csel_c=0 out_csel_b=0 out_csel_a=1 out_stock_d=1 
| out_stock_c=1 out_stock_b=1 out_stock_a=1 in_finish=0 in_next=0 in_sel_d=0 
| in_sel_c=0 in_sel_b=0 in_sel_a=1 in_restart=0 in_clkb=1 in_clka=0 
| time = 130.000ns
| change_1=00000000 change=1111111111110010 inserted_025=00000000 
| inserted_05=00000000 inserted_1=00000000 inserted_5=00000000 out_spit_d=0 
| out_spit_c=0 out_spit_b=0 out_spit_a=0 out_change_025=0 out_change_05=0 
| out_csel_d=0 out_csel_c=0 out_csel_b=0 out_csel_a=1 out_stock_d=1 
| out_stock_c=1 out_stock_b=1 out_stock_a=1 in_finish=0 in_next=0 in_sel_d=0 
| in_sel_c=0 in_sel_b=0 in_sel_a=1 in_restart=0 in_clkb=1 in_clka=0 
| time = 130.000ns
| change_1=00000000 change=1111111111111110 inserted_025=00000000 
| inserted_05=00000001 inserted_1=00000001 inserted_5=00000000 out_spit_d=0 
| out_spit_c=0 out_spit_b=0 out_spit_a=0 out_change_025=0 out_change_05=0 
| out_csel_d=0 out_csel_c=0 out_csel_b=0 out_csel_a=1 out_stock_d=1 
| out_stock_c=1 out_stock_b=1 out_stock_a=1 in_finish=0 in_next=0 in_sel_d=0 
| in_sel_c=0 in_sel_b=0 in_sel_a=0 in_restart=0 in_clkb=1 in_clka=0 
| time = 170.000ns
| change_1=00000000 change=1111111111111110 inserted_025=00000000 
| inserted_05=00000001 inserted_1=00000001 inserted_5=00000000 out_spit_d=0 
| out_spit_c=0 out_spit_b=0 out_spit_a=0 out_change_025=0 out_change_05=0 
| out_csel_d=0 out_csel_c=0 out_csel_b=0 out_csel_a=1 out_stock_d=1 
| out_stock_c=1 out_stock_b=1 out_stock_a=1 in_finish=0 in_next=0 in_sel_d=0 
| in_sel_c=0 in_sel_b=0 in_sel_a=0 in_restart=0 in_clkb=1 in_clka=0 
| time = 170.000ns
| change_1=00000000 change=0000000000000110 inserted_025=00000000 
| inserted_05=00000000 inserted_1=00000001 inserted_5=00000000 out_spit_d=0 
| out_spit_c=0 out_spit_b=0 out_spit_a=0 out_change_025=0 out_change_05=0 
| out_csel_d=0 out_csel_c=0 out_csel_b=0 out_csel_a=1 out_stock_d=1 
| out_stock_c=1 out_stock_b=1 out_stock_a=1 in_finish=0 in_next=0 in_sel_d=0 
| in_sel_c=0 in_sel_b=0 in_sel_a=0 in_restart=0 in_clkb=1 in_clka=0 
| time = 210.000ns
| change_1=00000000 change=0000000000000110 inserted_025=00000000 
| inserted_05=00000000 inserted_1=00000001 inserted_5=00000000 out_spit_d=0 
| out_spit_c=0 out_spit_b=0 out_spit_a=0 out_change_025=0 out_change_05=0 
| out_csel_d=0 out_csel_c=0 out_csel_b=0 out_csel_a=1 out_stock_d=1 
| out_stock_c=1 out_stock_b=1 out_stock_a=1 in_finish=0 in_next=0 in_sel_d=0 
| in_sel_c=0 in_sel_b=0 in_sel_a=0 in_restart=0 in_clkb=1 in_clka=0 
| time = 210.000ns
| change_1=00000000 change=0000000000000110 inserted_025=00000000 
| inserted_05=00000000 inserted_1=00000000 inserted_5=00000000 out_spit_d=0 
| out_spit_c=0 out_spit_b=0 out_spit_a=0 out_change_025=0 out_change_05=0 
| out_csel_d=0 out_csel_c=0 out_csel_b=0 out_csel_a=1 out_stock_d=1 
| out_stock_c=1 out_stock_b=1 out_stock_a=1 in_finish=0 in_next=1 in_sel_d=0 
| in_sel_c=0 in_sel_b=0 in_sel_a=0 in_restart=0 in_clkb=1 in_clka=0 
| time = 250.000ns
| change_1=00000000 change=0000000000000110 inserted_025=00000000 
| inserted_05=00000000 inserted_1=00000000 inserted_5=00000000 out_spit_d=0 
| out_spit_c=0 out_spit_b=0 out_spit_a=0 out_change_025=0 out_change_05=0 
| out_csel_d=0 out_csel_c=0 out_csel_b=0 out_csel_a=1 out_stock_d=1 
| out_stock_c=1 out_stock_b=1 out_stock_a=1 in_finish=0 in_next=1 in_sel_d=0 
| in_sel_c=0 in_sel_b=0 in_sel_a=0 in_restart=0 in_clkb=1 in_clka=0 
| time = 250.000ns
| change_1=00000000 change=0000000000000110 inserted_025=00000000 
| inserted_05=00000000 inserted_1=00000000 inserted_5=00000000 out_spit_d=0 
| out_spit_c=0 out_spit_b=0 out_spit_a=1 out_change_025=0 out_change_05=0 
| out_csel_d=0 out_csel_c=0 out_csel_b=0 out_csel_a=0 out_stock_d=1 
| out_stock_c=1 out_stock_b=1 out_stock_a=0 in_finish=0 in_next=0 in_sel_d=0 
| in_sel_c=0 in_sel_b=0 in_sel_a=0 in_restart=0 in_clkb=1 in_clka=0 
| time = 290.000ns
| change_1=00000000 change=0000000000000110 inserted_025=00000000 
| inserted_05=00000000 inserted_1=00000000 inserted_5=00000000 out_spit_d=0 
| out_spit_c=0 out_spit_b=0 out_spit_a=1 out_change_025=0 out_change_05=0 
| out_csel_d=0 out_csel_c=0 out_csel_b=0 out_csel_a=0 out_stock_d=1 
| out_stock_c=1 out_stock_b=1 out_stock_a=0 in_finish=0 in_next=0 in_sel_d=0 
| in_sel_c=0 in_sel_b=0 in_sel_a=0 in_restart=0 in_clkb=1 in_clka=0 
| time = 290.000ns
| change_1=00000000 change=0000000000100100 inserted_025=00000000 
| inserted_05=00000000 inserted_1=00000000 inserted_5=00000001 out_spit_d=0 
| out_spit_c=0 out_spit_b=0 out_spit_a=0 out_change_025=0 out_change_05=0 
| out_csel_d=0 out_csel_c=1 out_csel_b=0 out_csel_a=0 out_stock_d=1 
| out_stock_c=1 out_stock_b=1 out_stock_a=0 in_finish=0 in_next=0 in_sel_d=0 
| in_sel_c=1 in_sel_b=0 in_sel_a=0 in_restart=0 in_clkb=1 in_clka=0 
| time = 330.000ns
| change_1=00000000 change=0000000000100100 inserted_025=00000000 
| inserted_05=00000000 inserted_1=00000000 inserted_5=00000001 out_spit_d=0 
| out_spit_c=0 out_spit_b=0 out_spit_a=0 out_change_025=0 out_change_05=0 
| out_csel_d=0 out_csel_c=1 out_csel_b=0 out_csel_a=0 out_stock_d=1 
| out_stock_c=1 out_stock_b=1 out_stock_a=0 in_finish=0 in_next=0 in_sel_d=0 
| in_sel_c=1 in_sel_b=0 in_sel_a=0 in_restart=0 in_clkb=1 in_clka=0 
| time = 330.000ns
| change_1=00000000 change=0000000000100100 inserted_025=00000000 
| inserted_05=00000000 inserted_1=00000000 inserted_5=00000000 out_spit_d=0 
| out_spit_c=0 out_spit_b=0 out_spit_a=0 out_change_025=0 out_change_05=0 
| out_csel_d=0 out_csel_c=1 out_csel_b=0 out_csel_a=0 out_stock_d=1 
| out_stock_c=1 out_stock_b=1 out_stock_a=0 in_finish=0 in_next=1 in_sel_d=0 
| in_sel_c=0 in_sel_b=0 in_sel_a=0 in_restart=0 in_clkb=1 in_clka=0 
| time = 370.000ns
| change_1=00000000 change=0000000000100100 inserted_025=00000000 
| inserted_05=00000000 inserted_1=00000000 inserted_5=00000000 out_spit_d=0 
| out_spit_c=0 out_spit_b=0 out_spit_a=0 out_change_025=0 out_change_05=0 
| out_csel_d=0 out_csel_c=1 out_csel_b=0 out_csel_a=0 out_stock_d=1 
| out_stock_c=1 out_stock_b=1 out_stock_a=0 in_finish=0 in_next=1 in_sel_d=0 
| in_sel_c=0 in_sel_b=0 in_sel_a=0 in_restart=0 in_clkb=1 in_clka=0 
| time = 370.000ns
| change_1=00000000 change=0000000000100100 inserted_025=00000000 
| inserted_05=00000000 inserted_1=00000000 inserted_5=00000000 out_spit_d=0 
| out_spit_c=1 out_spit_b=0 out_spit_a=0 out_change_025=0 out_change_05=0 
| out_csel_d=0 out_csel_c=0 out_csel_b=0 out_csel_a=0 out_stock_d=1 
| out_stock_c=1 out_stock_b=1 out_stock_a=0 in_finish=0 in_next=0 in_sel_d=0 
| in_sel_c=0 in_sel_b=0 in_sel_a=0 in_restart=0 in_clkb=1 in_clka=0 
| time = 410.000ns
| change_1=00000000 change=0000000000100100 inserted_025=00000000 
| inserted_05=00000000 inserted_1=00000000 inserted_5=00000000 out_spit_d=0 
| out_spit_c=1 out_spit_b=0 out_spit_a=0 out_change_025=0 out_change_05=0 
| out_csel_d=0 out_csel_c=0 out_csel_b=0 out_csel_a=0 out_stock_d=1 
| out_stock_c=1 out_stock_b=1 out_stock_a=0 in_finish=0 in_next=0 in_sel_d=0 
| in_sel_c=0 in_sel_b=0 in_sel_a=0 in_restart=0 in_clkb=1 in_clka=0 
| time = 410.000ns
| change_1=00000000 change=0000000000100100 inserted_025=00000000 
| inserted_05=00000000 inserted_1=00000000 inserted_5=00000000 out_spit_d=0 
| out_spit_c=0 out_spit_b=0 out_spit_a=0 out_change_025=0 out_change_05=0 
| out_csel_d=0 out_csel_c=0 out_csel_b=0 out_csel_a=0 out_stock_d=1 
| out_stock_c=1 out_stock_b=1 out_stock_a=0 in_finish=1 in_next=0 in_sel_d=0 
| in_sel_c=0 in_sel_b=0 in_sel_a=0 in_restart=0 in_clkb=1 in_clka=0 
| time = 450.000ns
| change_1=00000000 change=0000000000100100 inserted_025=00000000 
| inserted_05=00000000 inserted_1=00000000 inserted_5=00000000 out_spit_d=0 
| out_spit_c=0 out_spit_b=0 out_spit_a=0 out_change_025=0 out_change_05=0 
| out_csel_d=0 out_csel_c=0 out_csel_b=0 out_csel_a=0 out_stock_d=1 
| out_stock_c=1 out_stock_b=1 out_stock_a=0 in_finish=1 in_next=0 in_sel_d=0 
| in_sel_c=0 in_sel_b=0 in_sel_a=0 in_restart=0 in_clkb=1 in_clka=0 
| time = 450.000ns
| change_1=00000100 change=0000000000000000 inserted_025=00000000 
| inserted_05=00000000 inserted_1=00000000 inserted_5=00000000 out_spit_d=0 
| out_spit_c=0 out_spit_b=0 out_spit_a=0 out_change_025=0 out_change_05=1 
| out_csel_d=0 out_csel_c=0 out_csel_b=0 out_csel_a=0 out_stock_d=1 
| out_stock_c=1 out_stock_b=1 out_stock_a=0 in_finish=0 in_next=0 in_sel_d=0 
| in_sel_c=0 in_sel_b=0 in_sel_a=0 in_restart=0 in_clkb=1 in_clka=0 
| time = 490.000ns
| change_1=00000100 change=0000000000000000 inserted_025=00000000 
| inserted_05=00000000 inserted_1=00000000 inserted_5=00000000 out_spit_d=0 
| out_spit_c=0 out_spit_b=0 out_spit_a=0 out_change_025=0 out_change_05=1 
| out_csel_d=0 out_csel_c=0 out_csel_b=0 out_csel_a=0 out_stock_d=1 
| out_stock_c=1 out_stock_b=1 out_stock_a=0 in_finish=0 in_next=0 in_sel_d=0 
| in_sel_c=0 in_sel_b=0 in_sel_a=0 in_restart=0 in_clkb=1 in_clka=0 
| time = 490.000ns
| change_1=00000000 change=0000000000000000 inserted_025=00000000 
| inserted_05=00000000 inserted_1=00000000 inserted_5=00000000 out_spit_d=0 
| out_spit_c=0 out_spit_b=0 out_spit_a=0 out_change_025=0 out_change_05=0 
| out_csel_d=0 out_csel_c=0 out_csel_b=0 out_csel_a=0 out_stock_d=1 
| out_stock_c=1 out_stock_b=1 out_stock_a=0 in_finish=0 in_next=0 in_sel_d=0 
| in_sel_c=0 in_sel_b=0 in_sel_a=0 in_restart=0 in_clkb=1 in_clka=0 
| time = 530.000ns
| change_1=00000000 change=0000000000000000 inserted_025=00000000 
| inserted_05=00000000 inserted_1=00000000 inserted_5=00000000 out_spit_d=0 
| out_spit_c=0 out_spit_b=0 out_spit_a=0 out_change_025=0 out_change_05=0 
| out_csel_d=0 out_csel_c=0 out_csel_b=0 out_csel_a=0 out_stock_d=1 
| out_stock_c=1 out_stock_b=1 out_stock_a=0 in_finish=0 in_next=0 in_sel_d=0 
| in_sel_c=0 in_sel_b=0 in_sel_a=0 in_restart=0 in_clkb=1 in_clka=0 
| time = 530.000ns
| change_1=00000000 change=0000000000000000 inserted_025=00000000 
| inserted_05=00000000 inserted_1=00000000 inserted_5=00000000 out_spit_d=0 
| out_spit_c=0 out_spit_b=0 out_spit_a=0 out_change_025=0 out_change_05=0 
| out_csel_d=0 out_csel_c=0 out_csel_b=0 out_csel_a=0 out_stock_d=1 
| out_stock_c=1 out_stock_b=1 out_stock_a=0 in_finish=0 in_next=0 in_sel_d=0 
| in_sel_c=0 in_sel_b=0 in_sel_a=0 in_restart=0 in_clkb=1 in_clka=0 
| time = 570.000ns
| change_1=00000000 change=0000000000000000 inserted_025=00000000 
| inserted_05=00000000 inserted_1=00000000 inserted_5=00000000 out_spit_d=0 
| out_spit_c=0 out_spit_b=0 out_spit_a=0 out_change_025=0 out_change_05=0 
| out_csel_d=0 out_csel_c=0 out_csel_b=0 out_csel_a=0 out_stock_d=1 
| out_stock_c=1 out_stock_b=1 out_stock_a=0 in_finish=0 in_next=0 in_sel_d=0 
| in_sel_c=0 in_sel_b=0 in_sel_a=0 in_restart=0 in_clkb=1 in_clka=0 
| time = 570.000ns
| change_1=00000000 change=0000000000000000 inserted_025=00000000 
| inserted_05=00000000 inserted_1=00000000 inserted_5=00000000 out_spit_d=0 
| out_spit_c=0 out_spit_b=0 out_spit_a=0 out_change_025=0 out_change_05=0 
| out_csel_d=0 out_csel_c=0 out_csel_b=0 out_csel_a=0 out_stock_d=1 
| out_stock_c=1 out_stock_b=1 out_stock_a=0 in_finish=0 in_next=0 in_sel_d=0 
| in_sel_c=0 in_sel_b=0 in_sel_a=1 in_restart=0 in_clkb=1 in_clka=0 
| time = 610.000ns
| change_1=00000000 change=0000000000000000 inserted_025=00000000 
| inserted_05=00000000 inserted_1=00000000 inserted_5=00000000 out_spit_d=0 
| out_spit_c=0 out_spit_b=0 out_spit_a=0 out_change_025=0 out_change_05=0 
| out_csel_d=0 out_csel_c=0 out_csel_b=0 out_csel_a=0 out_stock_d=1 
| out_stock_c=1 out_stock_b=1 out_stock_a=0 in_finish=0 in_next=0 in_sel_d=0 
| in_sel_c=0 in_sel_b=0 in_sel_a=1 in_restart=0 i